E:\WORK\小Q机器人\CQPDEMO\RELEASE\COM.LUOSEN200229.SQ.PCH
E:\WORK\小Q机器人\CQPDEMO\RELEASE\STDAFX.OBJ
E:\WORK\小Q机器人\CQPDEMO\RELEASE\VC110.PDB
E:\WORK\小Q机器人\CQPDEMO\RELEASE\MESSAGEHELPER.OBJ
E:\WORK\小Q机器人\CQPDEMO\RELEASE\APPMAIN.OBJ
E:\WORK\小Q机器人\CQPDEMO\RELEASE\DLLMAIN.OBJ
E:\work\小Q机器人\Release\com.luosen200229.sq.lib
E:\work\小Q机器人\Release\com.luosen200229.sq.exp
E:\WORK\小Q机器人\RELEASE\COM.LUOSEN200229.SQ.DLL
E:\WORK\小Q机器人\RELEASE\COM.LUOSEN200229.SQ.PDB
E:\WORK\小Q机器人\CQPDEMO\RELEASE\COM.LUOSEN200229.SQ.RES
E:\work\小Q机器人\CQPdemo\Release\CQPDemo.vcxprojResolveAssemblyReference.cache
E:\work\小Q机器人\CQPdemo\Release\appmain.obj
E:\work\小Q机器人\CQPdemo\Release\dllmain.obj
E:\work\小Q机器人\CQPdemo\Release\MessageHelper.obj
E:\work\小Q机器人\CQPdemo\Release\stdafx.obj
E:\work\小Q机器人\CQPdemo\Release\cl.command.1.tlog
E:\work\小Q机器人\CQPdemo\Release\CL.read.1.tlog
E:\work\小Q机器人\CQPdemo\Release\CL.write.1.tlog
E:\work\小Q机器人\CQPdemo\Release\com.luosen200229.sq.write.1.tlog
E:\work\小Q机器人\CQPdemo\Release\link-cvtres.read.1.tlog
E:\work\小Q机器人\CQPdemo\Release\link-cvtres.write.1.tlog
E:\work\小Q机器人\CQPdemo\Release\link-rc.read.1.tlog
E:\work\小Q机器人\CQPdemo\Release\link-rc.write.1.tlog
E:\work\小Q机器人\CQPdemo\Release\link.command.1.tlog
E:\work\小Q机器人\CQPdemo\Release\link.read.1.tlog
E:\work\小Q机器人\CQPdemo\Release\link.write.1.tlog
E:\work\小Q机器人\CQPdemo\Release\rc.command.1.tlog
E:\work\小Q机器人\CQPdemo\Release\rc.read.1.tlog
E:\work\小Q机器人\CQPdemo\Release\rc.write.1.tlog
E:\work\小Q机器人\CQPdemo\Release\com.luosen200229.sq.res
E:\work\小Q机器人\CQPdemo\Release\com.luosen200229.sq.pch
E:\work\小Q机器人\CQPdemo\Release\vc110.pdb
E:\work\小Q机器人\Release\com.luosen200229.sq.pdb
E:\work\小Q机器人\Release\com.luosen200229.sq.dll
