E:\WORK\小Q机器人\LS_CONFIG_SET\DEBUG\LS_CONFIG_SET.PCH
E:\WORK\小Q机器人\LS_CONFIG_SET\DEBUG\STDAFX.OBJ
E:\WORK\小Q机器人\LS_CONFIG_SET\DEBUG\VC110.PDB
E:\WORK\小Q机器人\LS_CONFIG_SET\DEBUG\DBHELPER.OBJ
E:\WORK\小Q机器人\LS_CONFIG_SET\DEBUG\LS_CONFIG_SET.OBJ
E:\WORK\小Q机器人\LS_CONFIG_SET\DEBUG\LS_CONFIG_SETDLG.OBJ
E:\WORK\小Q机器人\DEBUG\LS_CONFIG_SET.ILK
E:\WORK\小Q机器人\DEBUG\LS_CONFIG_SET.EXE
E:\WORK\小Q机器人\DEBUG\LS_CONFIG_SET.PDB
E:\WORK\小Q机器人\LS_CONFIG_SET\DEBUG\LS_CONFIG_SET.RES
E:\work\小Q机器人\ls_config_set\Debug\DBHelper.obj
E:\work\小Q机器人\ls_config_set\Debug\ls_config_set.obj
E:\work\小Q机器人\ls_config_set\Debug\ls_config_setDlg.obj
E:\work\小Q机器人\ls_config_set\Debug\stdafx.obj
E:\work\小Q机器人\ls_config_set\Debug\cl.command.1.tlog
E:\work\小Q机器人\ls_config_set\Debug\CL.read.1.tlog
E:\work\小Q机器人\ls_config_set\Debug\CL.write.1.tlog
E:\work\小Q机器人\ls_config_set\Debug\link-cvtres.read.1.tlog
E:\work\小Q机器人\ls_config_set\Debug\link-cvtres.write.1.tlog
E:\work\小Q机器人\ls_config_set\Debug\link-mt.read.1.tlog
E:\work\小Q机器人\ls_config_set\Debug\link-mt.write.1.tlog
E:\work\小Q机器人\ls_config_set\Debug\link-rc.read.1.tlog
E:\work\小Q机器人\ls_config_set\Debug\link-rc.write.1.tlog
E:\work\小Q机器人\ls_config_set\Debug\link.command.1.tlog
E:\work\小Q机器人\ls_config_set\Debug\link.read.1.tlog
E:\work\小Q机器人\ls_config_set\Debug\link.write.1.tlog
E:\work\小Q机器人\ls_config_set\Debug\rc.command.1.tlog
E:\work\小Q机器人\ls_config_set\Debug\rc.read.1.tlog
E:\work\小Q机器人\ls_config_set\Debug\rc.write.1.tlog
E:\work\小Q机器人\ls_config_set\Debug\ls_config_set.res
E:\work\小Q机器人\ls_config_set\Debug\ls_config_set.pch
E:\work\小Q机器人\ls_config_set\Debug\vc110.idb
E:\work\小Q机器人\ls_config_set\Debug\vc110.pdb
E:\work\小Q机器人\Debug\ls_config_set.pdb
E:\work\小Q机器人\Debug\ls_config_set.exe
E:\work\小Q机器人\Debug\ls_config_set.ilk
