E:\WORK\小Q机器人\LS_CONFIG_SET\RELEASE\LS_CONFIG_SET.PCH
E:\WORK\小Q机器人\LS_CONFIG_SET\RELEASE\STDAFX.OBJ
E:\WORK\小Q机器人\LS_CONFIG_SET\RELEASE\VC110.PDB
E:\WORK\小Q机器人\LS_CONFIG_SET\RELEASE\LS_CONFIG_SETDLG.OBJ
E:\WORK\小Q机器人\LS_CONFIG_SET\RELEASE\LS_CONFIG_SET.OBJ
E:\WORK\小Q机器人\LS_CONFIG_SET\RELEASE\DBHELPER.OBJ
E:\WORK\小Q机器人\RELEASE\LS_CONFIG_SET.EXE
E:\WORK\小Q机器人\RELEASE\LS_CONFIG_SET.PDB
E:\WORK\小Q机器人\LS_CONFIG_SET\RELEASE\LS_CONFIG_SET.RES
E:\work\小Q机器人\ls_config_set\Release\DBHelper.obj
E:\work\小Q机器人\ls_config_set\Release\ls_config_set.obj
E:\work\小Q机器人\ls_config_set\Release\ls_config_setDlg.obj
E:\work\小Q机器人\ls_config_set\Release\stdafx.obj
E:\work\小Q机器人\ls_config_set\Release\cl.command.1.tlog
E:\work\小Q机器人\ls_config_set\Release\CL.read.1.tlog
E:\work\小Q机器人\ls_config_set\Release\CL.write.1.tlog
E:\work\小Q机器人\ls_config_set\Release\link-cvtres.read.1.tlog
E:\work\小Q机器人\ls_config_set\Release\link-cvtres.write.1.tlog
E:\work\小Q机器人\ls_config_set\Release\link-mt.read.1.tlog
E:\work\小Q机器人\ls_config_set\Release\link-mt.write.1.tlog
E:\work\小Q机器人\ls_config_set\Release\link-rc.read.1.tlog
E:\work\小Q机器人\ls_config_set\Release\link-rc.write.1.tlog
E:\work\小Q机器人\ls_config_set\Release\link.command.1.tlog
E:\work\小Q机器人\ls_config_set\Release\link.read.1.tlog
E:\work\小Q机器人\ls_config_set\Release\link.write.1.tlog
E:\work\小Q机器人\ls_config_set\Release\rc.command.1.tlog
E:\work\小Q机器人\ls_config_set\Release\rc.read.1.tlog
E:\work\小Q机器人\ls_config_set\Release\rc.write.1.tlog
E:\work\小Q机器人\ls_config_set\Release\ls_config_set.res
E:\work\小Q机器人\ls_config_set\Release\ls_config_set.pch
E:\work\小Q机器人\ls_config_set\Release\vc110.pdb
E:\work\小Q机器人\Release\ls_config_set.pdb
E:\work\小Q机器人\Release\ls_config_set.exe
