E:\WORK\小Q机器人\CQPDEMO\DEBUG\COM.LUOSEN200229.SQ.PCH
E:\WORK\小Q机器人\CQPDEMO\DEBUG\STDAFX.OBJ
E:\WORK\小Q机器人\CQPDEMO\DEBUG\VC110.PDB
E:\WORK\小Q机器人\CQPDEMO\DEBUG\APPMAIN.OBJ
E:\WORK\小Q机器人\CQPDEMO\DEBUG\MESSAGEHELPER.OBJ
E:\WORK\小Q机器人\CQPDEMO\DEBUG\DLLMAIN.OBJ
E:\work\小Q机器人\Debug\com.luosen200229.sq.lib
E:\work\小Q机器人\Debug\com.luosen200229.sq.exp
E:\WORK\小Q机器人\DEBUG\COM.LUOSEN200229.SQ.ILK
E:\WORK\小Q机器人\DEBUG\COM.LUOSEN200229.SQ.DLL
E:\WORK\小Q机器人\DEBUG\COM.LUOSEN200229.SQ.PDB
E:\WORK\小Q机器人\CQPDEMO\DEBUG\COM.LUOSEN200229.SQ.RES
E:\work\小Q机器人\CQPdemo\Debug\CQPDemo.vcxprojResolveAssemblyReference.cache
E:\work\小Q机器人\CQPdemo\Debug\appmain.obj
E:\work\小Q机器人\CQPdemo\Debug\dllmain.obj
E:\work\小Q机器人\CQPdemo\Debug\MessageHelper.obj
E:\work\小Q机器人\CQPdemo\Debug\stdafx.obj
E:\work\小Q机器人\CQPdemo\Debug\cl.command.1.tlog
E:\work\小Q机器人\CQPdemo\Debug\CL.read.1.tlog
E:\work\小Q机器人\CQPdemo\Debug\CL.write.1.tlog
E:\work\小Q机器人\CQPdemo\Debug\com.luosen200229.sq.write.1.tlog
E:\work\小Q机器人\CQPdemo\Debug\link-cvtres.read.1.tlog
E:\work\小Q机器人\CQPdemo\Debug\link-cvtres.write.1.tlog
E:\work\小Q机器人\CQPdemo\Debug\link-rc.read.1.tlog
E:\work\小Q机器人\CQPdemo\Debug\link-rc.write.1.tlog
E:\work\小Q机器人\CQPdemo\Debug\link.command.1.tlog
E:\work\小Q机器人\CQPdemo\Debug\link.read.1.tlog
E:\work\小Q机器人\CQPdemo\Debug\link.write.1.tlog
E:\work\小Q机器人\CQPdemo\Debug\rc.command.1.tlog
E:\work\小Q机器人\CQPdemo\Debug\rc.read.1.tlog
E:\work\小Q机器人\CQPdemo\Debug\rc.write.1.tlog
E:\work\小Q机器人\CQPdemo\Debug\com.luosen200229.sq.res
E:\work\小Q机器人\CQPdemo\Debug\com.luosen200229.sq.pch
E:\work\小Q机器人\CQPdemo\Debug\vc110.idb
E:\work\小Q机器人\CQPdemo\Debug\vc110.pdb
E:\work\小Q机器人\Debug\com.luosen200229.sq.pdb
E:\work\小Q机器人\Debug\com.luosen200229.sq.dll
E:\work\小Q机器人\Debug\com.luosen200229.sq.ilk
